
> build
> next build

  ▲ Next.js 14.2.29
  - Environments: .env

   Creating an optimized production build ...
 ✓ Compiled successfully
   Linting and checking validity of types ...
 ⨯ ESLint: Invalid Options: - Unknown options: useEslintrc, extensions - 'extensions' has been removed.
   Collecting page data ...
Error: Principal "rbp2o-jaaaa-aaaah-qcaiq-cai" does not have a valid checksum (original value "rdmx6-jaaaa-aaaah-qcaiq-cai" may not be a valid Principal ID).
    at Principal.fromText (/Users/HUAWEI/Coding Stuff/main-SRV/SRV-ICP-ver2/node_modules/@dfinity/principal/lib/cjs/index.js:63:19)
    at 606 (/Users/HUAWEI/Coding Stuff/main-SRV/SRV-ICP-ver2/frontend/build/server/pages/client/booking/[id].js:1:12918)
    at t (/Users/HUAWEI/Coding Stuff/main-SRV/SRV-ICP-ver2/frontend/build/server/webpack-runtime.js:1:127)
    at 3970 (/Users/HUAWEI/Coding Stuff/main-SRV/SRV-ICP-ver2/frontend/build/server/pages/client/booking/[id].js:1:534)
    at t (/Users/HUAWEI/Coding Stuff/main-SRV/SRV-ICP-ver2/frontend/build/server/webpack-runtime.js:1:127)
    at r (/Users/HUAWEI/Coding Stuff/main-SRV/SRV-ICP-ver2/frontend/build/server/pages/client/booking/[id].js:1:20512)
    at /Users/HUAWEI/Coding Stuff/main-SRV/SRV-ICP-ver2/frontend/build/server/pages/client/booking/[id].js:1:20547
    at t.X (/Users/HUAWEI/Coding Stuff/main-SRV/SRV-ICP-ver2/frontend/build/server/webpack-runtime.js:1:759)
    at /Users/HUAWEI/Coding Stuff/main-SRV/SRV-ICP-ver2/frontend/build/server/pages/client/booking/[id].js:1:20525
    at Object.<anonymous> (/Users/HUAWEI/Coding Stuff/main-SRV/SRV-ICP-ver2/frontend/build/server/pages/client/booking/[id].js:1:20574)

> Build error occurred
Error: Failed to collect page data for /client/booking/[id]
    at /Users/HUAWEI/Coding Stuff/main-SRV/SRV-ICP-ver2/node_modules/next/dist/build/utils.js:1269:15
    at process.processTicksAndRejections (node:internal/process/task_queues:105:5) {
  type: 'Error'
}
npm error Lifecycle script `build` failed with error:
npm error code 1
npm error path /Users/HUAWEI/Coding Stuff/main-SRV/SRV-ICP-ver2/frontend
npm error workspace frontend
npm error location /Users/HUAWEI/Coding Stuff/main-SRV/SRV-ICP-ver2/frontend
npm error command failed
npm error command sh -c next build
